#! /usr/bin/vvp
:ivl_version "0.9.7 " "(v0_9_7)";
:vpi_time_precision + 0;
:vpi_module "system";
:vpi_module "v2005_math";
:vpi_module "va_math";
S_0x20a7110 .scope module, "mux32to1by1" "mux32to1by1" 2 52;
 .timescale 0 0;
v0x2092f10_0 .net "address", 4 0, C4<zzzzz>; 0 drivers
v0x20b5e90_0 .net "inputs", 31 0, C4<zzzzzzzzzzzzzzzzzzzzzzzzzzzzzzzz>; 0 drivers
v0x20b5f30_0 .net "out", 0 0, L_0x20c7180; 1 drivers
L_0x20c7180 .part/v C4<zzzzzzzzzzzzzzzzzzzzzzzzzzzzzzzz>, C4<zzzzz>, 1;
S_0x20a6f90 .scope module, "regfile" "regfile" 3 12;
 .timescale 0 0;
v0x20c6630_0 .net "Clk", 0 0, C4<z>; 0 drivers
v0x20c2690_0 .net "ReadData1", 31 0, L_0x20cc900; 1 drivers
v0x20c2850_0 .net "ReadData2", 31 0, L_0x20cde40; 1 drivers
v0x20c2c00_0 .net "ReadRegister1", 4 0, C4<zzzzz>; 0 drivers
v0x20bc6e0_0 .net "ReadRegister2", 4 0, C4<zzzzz>; 0 drivers
v0x20bc760_0 .net "RegWrite", 0 0, C4<z>; 0 drivers
v0x20bc7e0_0 .net "WriteData", 31 0, C4<zzzzzzzzzzzzzzzzzzzzzzzzzzzzzzzz>; 0 drivers
v0x20bc860_0 .net "WriteRegister", 4 0, C4<zzzzz>; 0 drivers
v0x20bc930_0 .net "decoder", 31 0, L_0x20c8930; 1 drivers
v0x20bc9b0 .array "mux", 0 31;
v0x20bc9b0_0 .net v0x20bc9b0 0, 31 0, C4<00000000000000000000000000000000>; 1 drivers
v0x20bc9b0_1 .net v0x20bc9b0 1, 31 0, v0x20c1d70_0; 1 drivers
v0x20bc9b0_2 .net v0x20bc9b0 2, 31 0, v0x20c1770_0; 1 drivers
v0x20bc9b0_3 .net v0x20bc9b0 3, 31 0, v0x20c1170_0; 1 drivers
v0x20bc9b0_4 .net v0x20bc9b0 4, 31 0, v0x20c0b70_0; 1 drivers
v0x20bc9b0_5 .net v0x20bc9b0 5, 31 0, v0x20c0570_0; 1 drivers
v0x20bc9b0_6 .net v0x20bc9b0 6, 31 0, v0x20bff70_0; 1 drivers
v0x20bc9b0_7 .net v0x20bc9b0 7, 31 0, v0x20bf970_0; 1 drivers
v0x20bc9b0_8 .net v0x20bc9b0 8, 31 0, v0x20bf370_0; 1 drivers
v0x20bc9b0_9 .net v0x20bc9b0 9, 31 0, v0x20bed70_0; 1 drivers
v0x20bc9b0_10 .net v0x20bc9b0 10, 31 0, v0x20be770_0; 1 drivers
v0x20bc9b0_11 .net v0x20bc9b0 11, 31 0, v0x20be170_0; 1 drivers
v0x20bc9b0_12 .net v0x20bc9b0 12, 31 0, v0x20bdb70_0; 1 drivers
v0x20bc9b0_13 .net v0x20bc9b0 13, 31 0, v0x20bd570_0; 1 drivers
v0x20bc9b0_14 .net v0x20bc9b0 14, 31 0, v0x20bcf70_0; 1 drivers
v0x20bc9b0_15 .net v0x20bc9b0 15, 31 0, v0x20b9640_0; 1 drivers
v0x20bc9b0_16 .net v0x20bc9b0 16, 31 0, v0x20bc160_0; 1 drivers
v0x20bc9b0_17 .net v0x20bc9b0 17, 31 0, v0x20bbb60_0; 1 drivers
v0x20bc9b0_18 .net v0x20bc9b0 18, 31 0, v0x20bb560_0; 1 drivers
v0x20bc9b0_19 .net v0x20bc9b0 19, 31 0, v0x20baf60_0; 1 drivers
v0x20bc9b0_20 .net v0x20bc9b0 20, 31 0, v0x20ba960_0; 1 drivers
v0x20bc9b0_21 .net v0x20bc9b0 21, 31 0, v0x20ba360_0; 1 drivers
v0x20bc9b0_22 .net v0x20bc9b0 22, 31 0, v0x20b9d60_0; 1 drivers
v0x20bc9b0_23 .net v0x20bc9b0 23, 31 0, v0x20b7db0_0; 1 drivers
v0x20bc9b0_24 .net v0x20bc9b0 24, 31 0, v0x20b9040_0; 1 drivers
v0x20bc9b0_25 .net v0x20bc9b0 25, 31 0, v0x20b8a40_0; 1 drivers
v0x20bc9b0_26 .net v0x20bc9b0 26, 31 0, v0x20b8440_0; 1 drivers
v0x20bc9b0_27 .net v0x20bc9b0 27, 31 0, v0x20b7e40_0; 1 drivers
v0x20bc9b0_28 .net v0x20bc9b0 28, 31 0, v0x20b7720_0; 1 drivers
v0x20bc9b0_29 .net v0x20bc9b0 29, 31 0, v0x20b7180_0; 1 drivers
v0x20bc9b0_30 .net v0x20bc9b0 30, 31 0, v0x20b6b20_0; 1 drivers
v0x20bc9b0_31 .net v0x20bc9b0 31, 31 0, v0x20b64c0_0; 1 drivers
L_0x20c7220 .part L_0x20c8930, 1, 1;
L_0x20c72c0 .part L_0x20c8930, 2, 1;
L_0x20c7410 .part L_0x20c8930, 3, 1;
L_0x20c75f0 .part L_0x20c8930, 4, 1;
L_0x20c76f0 .part L_0x20c8930, 5, 1;
L_0x20c7840 .part L_0x20c8930, 6, 1;
L_0x20c7990 .part L_0x20c8930, 7, 1;
L_0x20c7b90 .part L_0x20c8930, 8, 1;
L_0x20c7d30 .part L_0x20c8930, 9, 1;
L_0x20c7e80 .part L_0x20c8930, 10, 1;
L_0x20c8090 .part L_0x20c8930, 11, 1;
L_0x20c81c0 .part L_0x20c8930, 12, 1;
L_0x20c8350 .part L_0x20c8930, 13, 1;
L_0x20c84d0 .part L_0x20c8930, 14, 1;
L_0x20c86d0 .part L_0x20c8930, 15, 1;
L_0x20c89d0 .part L_0x20c8930, 16, 1;
L_0x20c8b60 .part L_0x20c8930, 17, 1;
L_0x20c8ce0 .part L_0x20c8930, 18, 1;
L_0x20c8e70 .part L_0x20c8930, 19, 1;
L_0x20c8ff0 .part L_0x20c8930, 20, 1;
L_0x20c9190 .part L_0x20c8930, 21, 1;
L_0x20c9340 .part L_0x20c8930, 22, 1;
L_0x20c94f0 .part L_0x20c8930, 23, 1;
L_0x20c9670 .part L_0x20c8930, 24, 1;
L_0x20c9830 .part L_0x20c8930, 25, 1;
L_0x20c9980 .part L_0x20c8930, 26, 1;
L_0x20c9b50 .part L_0x20c8930, 27, 1;
L_0x20c9ca0 .part L_0x20c8930, 28, 1;
L_0x20c9e80 .part L_0x20c8930, 29, 1;
L_0x20ca000 .part L_0x20c8930, 30, 1;
L_0x20ca1f0 .part L_0x20c8930, 31, 1;
L_0x20ca730 .part L_0x20c8930, 0, 1;
S_0x20c6220 .scope module, "decoder132" "decoder1to32" 3 29, 4 4, S_0x20a6f90;
 .timescale 0 0;
v0x20c6310_0 .net *"_s0", 31 0, L_0x20c87c0; 1 drivers
v0x20c63d0_0 .net *"_s3", 30 0, C4<0000000000000000000000000000000>; 1 drivers
v0x20c6470_0 .alias "address", 4 0, v0x20bc860_0;
v0x20c6510_0 .alias "enable", 0 0, v0x20bc760_0;
v0x20c6590_0 .alias "out", 31 0, v0x20bc930_0;
L_0x20c87c0 .concat [ 1 31 0 0], C4<z>, C4<0000000000000000000000000000000>;
L_0x20c8930 .shift/l 32, L_0x20c87c0, C4<zzzzz>;
S_0x20c5910 .scope module, "register320" "register32zero" 3 30, 2 38, S_0x20a6f90;
 .timescale 0 0;
v0x20c5fb0_0 .alias "clk", 0 0, v0x20c6630_0;
v0x20c6050_0 .alias "d", 31 0, v0x20bc7e0_0;
v0x20c60d0_0 .alias "q", 31 0, v0x20bc9b0_0;
v0x20c61a0_0 .net "wrenable", 0 0, L_0x20ca730; 1 drivers
S_0x20c3970 .scope module, "mux0" "mux32to1by32" 3 41, 2 64, S_0x20a6f90;
 .timescale 0 0;
L_0x20ca0f0 .functor BUFZ 32, v0x20c1d70_0, C4<00000000000000000000000000000000>, C4<00000000000000000000000000000000>, C4<00000000000000000000000000000000>;
L_0x20ca8e0 .functor BUFZ 32, v0x20c1770_0, C4<00000000000000000000000000000000>, C4<00000000000000000000000000000000>, C4<00000000000000000000000000000000>;
L_0x20ca9d0 .functor BUFZ 32, v0x20c1170_0, C4<00000000000000000000000000000000>, C4<00000000000000000000000000000000>, C4<00000000000000000000000000000000>;
L_0x20caac0 .functor BUFZ 32, v0x20c0b70_0, C4<00000000000000000000000000000000>, C4<00000000000000000000000000000000>, C4<00000000000000000000000000000000>;
L_0x20cabb0 .functor BUFZ 32, v0x20c0570_0, C4<00000000000000000000000000000000>, C4<00000000000000000000000000000000>, C4<00000000000000000000000000000000>;
L_0x20cacd0 .functor BUFZ 32, v0x20bff70_0, C4<00000000000000000000000000000000>, C4<00000000000000000000000000000000>, C4<00000000000000000000000000000000>;
L_0x20cae30 .functor BUFZ 32, v0x20bf970_0, C4<00000000000000000000000000000000>, C4<00000000000000000000000000000000>, C4<00000000000000000000000000000000>;
L_0x20caf20 .functor BUFZ 32, v0x20bf370_0, C4<00000000000000000000000000000000>, C4<00000000000000000000000000000000>, C4<00000000000000000000000000000000>;
L_0x20cb040 .functor BUFZ 32, v0x20bed70_0, C4<00000000000000000000000000000000>, C4<00000000000000000000000000000000>, C4<00000000000000000000000000000000>;
L_0x20cb160 .functor BUFZ 32, v0x20be770_0, C4<00000000000000000000000000000000>, C4<00000000000000000000000000000000>, C4<00000000000000000000000000000000>;
L_0x20cb2e0 .functor BUFZ 32, v0x20be170_0, C4<00000000000000000000000000000000>, C4<00000000000000000000000000000000>, C4<00000000000000000000000000000000>;
L_0x20cb400 .functor BUFZ 32, v0x20bdb70_0, C4<00000000000000000000000000000000>, C4<00000000000000000000000000000000>, C4<00000000000000000000000000000000>;
L_0x20cb280 .functor BUFZ 32, v0x20bd570_0, C4<00000000000000000000000000000000>, C4<00000000000000000000000000000000>, C4<00000000000000000000000000000000>;
L_0x20cb650 .functor BUFZ 32, v0x20bcf70_0, C4<00000000000000000000000000000000>, C4<00000000000000000000000000000000>, C4<00000000000000000000000000000000>;
L_0x20cb7f0 .functor BUFZ 32, v0x20b9640_0, C4<00000000000000000000000000000000>, C4<00000000000000000000000000000000>, C4<00000000000000000000000000000000>;
L_0x20cb910 .functor BUFZ 32, v0x20bc160_0, C4<00000000000000000000000000000000>, C4<00000000000000000000000000000000>, C4<00000000000000000000000000000000>;
L_0x20cbac0 .functor BUFZ 32, v0x20bbb60_0, C4<00000000000000000000000000000000>, C4<00000000000000000000000000000000>, C4<00000000000000000000000000000000>;
L_0x20cbbe0 .functor BUFZ 32, v0x20bb560_0, C4<00000000000000000000000000000000>, C4<00000000000000000000000000000000>, C4<00000000000000000000000000000000>;
L_0x20cba30 .functor BUFZ 32, v0x20baf60_0, C4<00000000000000000000000000000000>, C4<00000000000000000000000000000000>, C4<00000000000000000000000000000000>;
L_0x20cbe30 .functor BUFZ 32, v0x20ba960_0, C4<00000000000000000000000000000000>, C4<00000000000000000000000000000000>, C4<00000000000000000000000000000000>;
L_0x20cbd00 .functor BUFZ 32, v0x20ba360_0, C4<00000000000000000000000000000000>, C4<00000000000000000000000000000000>, C4<00000000000000000000000000000000>;
L_0x20cc090 .functor BUFZ 32, v0x20b9d60_0, C4<00000000000000000000000000000000>, C4<00000000000000000000000000000000>, C4<00000000000000000000000000000000>;
L_0x20cbf50 .functor BUFZ 32, v0x20b7db0_0, C4<00000000000000000000000000000000>, C4<00000000000000000000000000000000>, C4<00000000000000000000000000000000>;
L_0x20cc300 .functor BUFZ 32, v0x20b9040_0, C4<00000000000000000000000000000000>, C4<00000000000000000000000000000000>, C4<00000000000000000000000000000000>;
L_0x20cc1b0 .functor BUFZ 32, v0x20b8a40_0, C4<00000000000000000000000000000000>, C4<00000000000000000000000000000000>, C4<00000000000000000000000000000000>;
L_0x20cc580 .functor BUFZ 32, v0x20b8440_0, C4<00000000000000000000000000000000>, C4<00000000000000000000000000000000>, C4<00000000000000000000000000000000>;
L_0x20cc420 .functor BUFZ 32, v0x20b7e40_0, C4<00000000000000000000000000000000>, C4<00000000000000000000000000000000>, C4<00000000000000000000000000000000>;
L_0x20c4ce0 .functor BUFZ 32, v0x20b7720_0, C4<00000000000000000000000000000000>, C4<00000000000000000000000000000000>, C4<00000000000000000000000000000000>;
L_0x20cc670 .functor BUFZ 32, v0x20b7180_0, C4<00000000000000000000000000000000>, C4<00000000000000000000000000000000>, C4<00000000000000000000000000000000>;
L_0x20cc9f0 .functor BUFZ 32, v0x20b6b20_0, C4<00000000000000000000000000000000>, C4<00000000000000000000000000000000>, C4<00000000000000000000000000000000>;
L_0x20cc870 .functor BUFZ 32, v0x20b64c0_0, C4<00000000000000000000000000000000>, C4<00000000000000000000000000000000>, C4<00000000000000000000000000000000>;
L_0x20cc900 .functor BUFZ 32, L_0x20ccc70, C4<00000000000000000000000000000000>, C4<00000000000000000000000000000000>, C4<00000000000000000000000000000000>;
v0x20c3d50_0 .net *"_s93", 31 0, L_0x20ccc70; 1 drivers
v0x20c3dd0_0 .alias "address", 4 0, v0x20c2c00_0;
v0x20c3e50_0 .alias "input0", 31 0, v0x20bc9b0_0;
v0x20c3ed0_0 .alias "input1", 31 0, v0x20bc9b0_1;
v0x20c3f50_0 .alias "input10", 31 0, v0x20bc9b0_10;
v0x20c3fd0_0 .alias "input11", 31 0, v0x20bc9b0_11;
v0x20c40a0_0 .alias "input12", 31 0, v0x20bc9b0_12;
v0x20c4170_0 .alias "input13", 31 0, v0x20bc9b0_13;
v0x20c4290_0 .alias "input14", 31 0, v0x20bc9b0_14;
v0x20c4360_0 .alias "input15", 31 0, v0x20bc9b0_15;
v0x20c43e0_0 .alias "input16", 31 0, v0x20bc9b0_16;
v0x20c44b0_0 .alias "input17", 31 0, v0x20bc9b0_17;
v0x20c4580_0 .alias "input18", 31 0, v0x20bc9b0_18;
v0x20c4650_0 .alias "input19", 31 0, v0x20bc9b0_19;
v0x20c47a0_0 .alias "input2", 31 0, v0x20bc9b0_2;
v0x20c4870_0 .alias "input20", 31 0, v0x20bc9b0_20;
v0x20c46d0_0 .alias "input21", 31 0, v0x20bc9b0_21;
v0x20c4a20_0 .alias "input22", 31 0, v0x20bc9b0_22;
v0x20c4b40_0 .alias "input23", 31 0, v0x20bc9b0_23;
v0x20c4c10_0 .alias "input24", 31 0, v0x20bc9b0_24;
v0x20c4d40_0 .alias "input25", 31 0, v0x20bc9b0_25;
v0x20c4dc0_0 .alias "input26", 31 0, v0x20bc9b0_26;
v0x20c4f00_0 .alias "input27", 31 0, v0x20bc9b0_27;
v0x20c4f80_0 .alias "input28", 31 0, v0x20bc9b0_28;
v0x20c50d0_0 .alias "input29", 31 0, v0x20bc9b0_29;
v0x20c5150_0 .alias "input3", 31 0, v0x20bc9b0_3;
v0x20c5050_0 .alias "input30", 31 0, v0x20bc9b0_30;
v0x20c5300_0 .alias "input31", 31 0, v0x20bc9b0_31;
v0x20c5220_0 .alias "input4", 31 0, v0x20bc9b0_4;
v0x20c54c0_0 .alias "input5", 31 0, v0x20bc9b0_5;
v0x20c53d0_0 .alias "input6", 31 0, v0x20bc9b0_6;
v0x20c5690_0 .alias "input7", 31 0, v0x20bc9b0_7;
v0x20c5590_0 .alias "input8", 31 0, v0x20bc9b0_8;
v0x20c5870_0 .alias "input9", 31 0, v0x20bc9b0_9;
v0x20c5760 .array "mux", 0 31;
v0x20c5760_0 .net v0x20c5760 0, 31 0, C4<zzzzzzzzzzzzzzzzzzzzzzzzzzzzzzzz>; 0 drivers
v0x20c5760_1 .net v0x20c5760 1, 31 0, L_0x20ca0f0; 1 drivers
v0x20c5760_2 .net v0x20c5760 2, 31 0, L_0x20ca8e0; 1 drivers
v0x20c5760_3 .net v0x20c5760 3, 31 0, L_0x20ca9d0; 1 drivers
v0x20c5760_4 .net v0x20c5760 4, 31 0, L_0x20caac0; 1 drivers
v0x20c5760_5 .net v0x20c5760 5, 31 0, L_0x20cabb0; 1 drivers
v0x20c5760_6 .net v0x20c5760 6, 31 0, L_0x20cacd0; 1 drivers
v0x20c5760_7 .net v0x20c5760 7, 31 0, L_0x20cae30; 1 drivers
v0x20c5760_8 .net v0x20c5760 8, 31 0, L_0x20caf20; 1 drivers
v0x20c5760_9 .net v0x20c5760 9, 31 0, L_0x20cb040; 1 drivers
v0x20c5760_10 .net v0x20c5760 10, 31 0, L_0x20cb160; 1 drivers
v0x20c5760_11 .net v0x20c5760 11, 31 0, L_0x20cb2e0; 1 drivers
v0x20c5760_12 .net v0x20c5760 12, 31 0, L_0x20cb400; 1 drivers
v0x20c5760_13 .net v0x20c5760 13, 31 0, L_0x20cb280; 1 drivers
v0x20c5760_14 .net v0x20c5760 14, 31 0, L_0x20cb650; 1 drivers
v0x20c5760_15 .net v0x20c5760 15, 31 0, L_0x20cb7f0; 1 drivers
v0x20c5760_16 .net v0x20c5760 16, 31 0, L_0x20cb910; 1 drivers
v0x20c5760_17 .net v0x20c5760 17, 31 0, L_0x20cbac0; 1 drivers
v0x20c5760_18 .net v0x20c5760 18, 31 0, L_0x20cbbe0; 1 drivers
v0x20c5760_19 .net v0x20c5760 19, 31 0, L_0x20cba30; 1 drivers
v0x20c5760_20 .net v0x20c5760 20, 31 0, L_0x20cbe30; 1 drivers
v0x20c5760_21 .net v0x20c5760 21, 31 0, L_0x20cbd00; 1 drivers
v0x20c5760_22 .net v0x20c5760 22, 31 0, L_0x20cc090; 1 drivers
v0x20c5760_23 .net v0x20c5760 23, 31 0, L_0x20cbf50; 1 drivers
v0x20c5760_24 .net v0x20c5760 24, 31 0, L_0x20cc300; 1 drivers
v0x20c5760_25 .net v0x20c5760 25, 31 0, L_0x20cc1b0; 1 drivers
v0x20c5760_26 .net v0x20c5760 26, 31 0, L_0x20cc580; 1 drivers
v0x20c5760_27 .net v0x20c5760 27, 31 0, L_0x20cc420; 1 drivers
v0x20c5760_28 .net v0x20c5760 28, 31 0, L_0x20c4ce0; 1 drivers
v0x20c5760_29 .net v0x20c5760 29, 31 0, L_0x20cc670; 1 drivers
v0x20c5760_30 .net v0x20c5760 30, 31 0, L_0x20cc9f0; 1 drivers
v0x20c5760_31 .net v0x20c5760 31, 31 0, L_0x20cc870; 1 drivers
v0x20c5e00_0 .alias "out", 31 0, v0x20c2690_0;
L_0x20ccc70 .array/port v0x20c5760, C4<zzzzz>;
S_0x20c1ec0 .scope module, "mux1" "mux32to1by32" 3 45, 2 64, S_0x20a6f90;
 .timescale 0 0;
L_0x20ccae0 .functor BUFZ 32, v0x20c1d70_0, C4<00000000000000000000000000000000>, C4<00000000000000000000000000000000>, C4<00000000000000000000000000000000>;
L_0x20ccb40 .functor BUFZ 32, v0x20c1770_0, C4<00000000000000000000000000000000>, C4<00000000000000000000000000000000>, C4<00000000000000000000000000000000>;
L_0x20cce20 .functor BUFZ 32, v0x20c1170_0, C4<00000000000000000000000000000000>, C4<00000000000000000000000000000000>, C4<00000000000000000000000000000000>;
L_0x20cce80 .functor BUFZ 32, v0x20c0b70_0, C4<00000000000000000000000000000000>, C4<00000000000000000000000000000000>, C4<00000000000000000000000000000000>;
L_0x20ccf40 .functor BUFZ 32, v0x20c0570_0, C4<00000000000000000000000000000000>, C4<00000000000000000000000000000000>, C4<00000000000000000000000000000000>;
L_0x20ccfd0 .functor BUFZ 32, v0x20bff70_0, C4<00000000000000000000000000000000>, C4<00000000000000000000000000000000>, C4<00000000000000000000000000000000>;
L_0x20cd060 .functor BUFZ 32, v0x20bf970_0, C4<00000000000000000000000000000000>, C4<00000000000000000000000000000000>, C4<00000000000000000000000000000000>;
L_0x20cd0c0 .functor BUFZ 32, v0x20bf370_0, C4<00000000000000000000000000000000>, C4<00000000000000000000000000000000>, C4<00000000000000000000000000000000>;
L_0x20cd150 .functor BUFZ 32, v0x20bed70_0, C4<00000000000000000000000000000000>, C4<00000000000000000000000000000000>, C4<00000000000000000000000000000000>;
L_0x20cd1e0 .functor BUFZ 32, v0x20be770_0, C4<00000000000000000000000000000000>, C4<00000000000000000000000000000000>, C4<00000000000000000000000000000000>;
L_0x20cd2d0 .functor BUFZ 32, v0x20be170_0, C4<00000000000000000000000000000000>, C4<00000000000000000000000000000000>, C4<00000000000000000000000000000000>;
L_0x20cd360 .functor BUFZ 32, v0x20bdb70_0, C4<00000000000000000000000000000000>, C4<00000000000000000000000000000000>, C4<00000000000000000000000000000000>;
L_0x20cd270 .functor BUFZ 32, v0x20bd570_0, C4<00000000000000000000000000000000>, C4<00000000000000000000000000000000>, C4<00000000000000000000000000000000>;
L_0x20cd420 .functor BUFZ 32, v0x20bcf70_0, C4<00000000000000000000000000000000>, C4<00000000000000000000000000000000>, C4<00000000000000000000000000000000>;
L_0x20cd4b0 .functor BUFZ 32, v0x20b9640_0, C4<00000000000000000000000000000000>, C4<00000000000000000000000000000000>, C4<00000000000000000000000000000000>;
L_0x20cd540 .functor BUFZ 32, v0x20bc160_0, C4<00000000000000000000000000000000>, C4<00000000000000000000000000000000>, C4<00000000000000000000000000000000>;
L_0x20cd660 .functor BUFZ 32, v0x20bbb60_0, C4<00000000000000000000000000000000>, C4<00000000000000000000000000000000>, C4<00000000000000000000000000000000>;
L_0x20cd6f0 .functor BUFZ 32, v0x20bb560_0, C4<00000000000000000000000000000000>, C4<00000000000000000000000000000000>, C4<00000000000000000000000000000000>;
L_0x20cd5d0 .functor BUFZ 32, v0x20baf60_0, C4<00000000000000000000000000000000>, C4<00000000000000000000000000000000>, C4<00000000000000000000000000000000>;
L_0x20cd820 .functor BUFZ 32, v0x20ba960_0, C4<00000000000000000000000000000000>, C4<00000000000000000000000000000000>, C4<00000000000000000000000000000000>;
L_0x20cd780 .functor BUFZ 32, v0x20ba360_0, C4<00000000000000000000000000000000>, C4<00000000000000000000000000000000>, C4<00000000000000000000000000000000>;
L_0x20cd960 .functor BUFZ 32, v0x20b9d60_0, C4<00000000000000000000000000000000>, C4<00000000000000000000000000000000>, C4<00000000000000000000000000000000>;
L_0x20cd8b0 .functor BUFZ 32, v0x20b7db0_0, C4<00000000000000000000000000000000>, C4<00000000000000000000000000000000>, C4<00000000000000000000000000000000>;
L_0x20cdab0 .functor BUFZ 32, v0x20b9040_0, C4<00000000000000000000000000000000>, C4<00000000000000000000000000000000>, C4<00000000000000000000000000000000>;
L_0x20cd9f0 .functor BUFZ 32, v0x20b8a40_0, C4<00000000000000000000000000000000>, C4<00000000000000000000000000000000>, C4<00000000000000000000000000000000>;
L_0x20cdc10 .functor BUFZ 32, v0x20b8440_0, C4<00000000000000000000000000000000>, C4<00000000000000000000000000000000>, C4<00000000000000000000000000000000>;
L_0x20cdb40 .functor BUFZ 32, v0x20b7e40_0, C4<00000000000000000000000000000000>, C4<00000000000000000000000000000000>, C4<00000000000000000000000000000000>;
L_0x20cdd50 .functor BUFZ 32, v0x20b7720_0, C4<00000000000000000000000000000000>, C4<00000000000000000000000000000000>, C4<00000000000000000000000000000000>;
L_0x20cdc70 .functor BUFZ 32, v0x20b7180_0, C4<00000000000000000000000000000000>, C4<00000000000000000000000000000000>, C4<00000000000000000000000000000000>;
L_0x20cdea0 .functor BUFZ 32, v0x20b6b20_0, C4<00000000000000000000000000000000>, C4<00000000000000000000000000000000>, C4<00000000000000000000000000000000>;
L_0x20cddb0 .functor BUFZ 32, v0x20b64c0_0, C4<00000000000000000000000000000000>, C4<00000000000000000000000000000000>, C4<00000000000000000000000000000000>;
L_0x20cde40 .functor BUFZ 32, L_0x20ce000, C4<00000000000000000000000000000000>, C4<00000000000000000000000000000000>, C4<00000000000000000000000000000000>;
v0x20c1fb0_0 .net *"_s93", 31 0, L_0x20ce000; 1 drivers
v0x20c2070_0 .alias "address", 4 0, v0x20bc6e0_0;
v0x20c2110_0 .alias "input0", 31 0, v0x20bc9b0_0;
v0x20c21b0_0 .alias "input1", 31 0, v0x20bc9b0_1;
v0x20c2290_0 .alias "input10", 31 0, v0x20bc9b0_10;
v0x20c2340_0 .alias "input11", 31 0, v0x20bc9b0_11;
v0x20c2400_0 .alias "input12", 31 0, v0x20bc9b0_12;
v0x20c24b0_0 .alias "input13", 31 0, v0x20bc9b0_13;
v0x20c2560_0 .alias "input14", 31 0, v0x20bc9b0_14;
v0x20c2610_0 .alias "input15", 31 0, v0x20bc9b0_15;
v0x20c2720_0 .alias "input16", 31 0, v0x20bc9b0_16;
v0x20c27d0_0 .alias "input17", 31 0, v0x20bc9b0_17;
v0x20c28f0_0 .alias "input18", 31 0, v0x20bc9b0_18;
v0x20c29a0_0 .alias "input19", 31 0, v0x20bc9b0_19;
v0x20c2ad0_0 .alias "input2", 31 0, v0x20bc9b0_2;
v0x20c2b80_0 .alias "input20", 31 0, v0x20bc9b0_20;
v0x20c2a20_0 .alias "input21", 31 0, v0x20bc9b0_21;
v0x20c2cf0_0 .alias "input22", 31 0, v0x20bc9b0_22;
v0x20c2e10_0 .alias "input23", 31 0, v0x20bc9b0_23;
v0x20c2e90_0 .alias "input24", 31 0, v0x20bc9b0_24;
v0x20c2d70_0 .alias "input25", 31 0, v0x20bc9b0_25;
v0x20c2ff0_0 .alias "input26", 31 0, v0x20bc9b0_26;
v0x20c2f40_0 .alias "input27", 31 0, v0x20bc9b0_27;
v0x20c3160_0 .alias "input28", 31 0, v0x20bc9b0_28;
v0x20c30a0_0 .alias "input29", 31 0, v0x20bc9b0_29;
v0x20c32e0_0 .alias "input3", 31 0, v0x20bc9b0_3;
v0x20c3210_0 .alias "input30", 31 0, v0x20bc9b0_30;
v0x20c3470_0 .alias "input31", 31 0, v0x20bc9b0_31;
v0x20c3390_0 .alias "input4", 31 0, v0x20bc9b0_4;
v0x20c35e0_0 .alias "input5", 31 0, v0x20bc9b0_5;
v0x20c3520_0 .alias "input6", 31 0, v0x20bc9b0_6;
v0x20c3760_0 .alias "input7", 31 0, v0x20bc9b0_7;
v0x20c3690_0 .alias "input8", 31 0, v0x20bc9b0_8;
v0x20c38f0_0 .alias "input9", 31 0, v0x20bc9b0_9;
v0x20c3810 .array "mux", 0 31;
v0x20c3810_0 .net v0x20c3810 0, 31 0, C4<zzzzzzzzzzzzzzzzzzzzzzzzzzzzzzzz>; 0 drivers
v0x20c3810_1 .net v0x20c3810 1, 31 0, L_0x20ccae0; 1 drivers
v0x20c3810_2 .net v0x20c3810 2, 31 0, L_0x20ccb40; 1 drivers
v0x20c3810_3 .net v0x20c3810 3, 31 0, L_0x20cce20; 1 drivers
v0x20c3810_4 .net v0x20c3810 4, 31 0, L_0x20cce80; 1 drivers
v0x20c3810_5 .net v0x20c3810 5, 31 0, L_0x20ccf40; 1 drivers
v0x20c3810_6 .net v0x20c3810 6, 31 0, L_0x20ccfd0; 1 drivers
v0x20c3810_7 .net v0x20c3810 7, 31 0, L_0x20cd060; 1 drivers
v0x20c3810_8 .net v0x20c3810 8, 31 0, L_0x20cd0c0; 1 drivers
v0x20c3810_9 .net v0x20c3810 9, 31 0, L_0x20cd150; 1 drivers
v0x20c3810_10 .net v0x20c3810 10, 31 0, L_0x20cd1e0; 1 drivers
v0x20c3810_11 .net v0x20c3810 11, 31 0, L_0x20cd2d0; 1 drivers
v0x20c3810_12 .net v0x20c3810 12, 31 0, L_0x20cd360; 1 drivers
v0x20c3810_13 .net v0x20c3810 13, 31 0, L_0x20cd270; 1 drivers
v0x20c3810_14 .net v0x20c3810 14, 31 0, L_0x20cd420; 1 drivers
v0x20c3810_15 .net v0x20c3810 15, 31 0, L_0x20cd4b0; 1 drivers
v0x20c3810_16 .net v0x20c3810 16, 31 0, L_0x20cd540; 1 drivers
v0x20c3810_17 .net v0x20c3810 17, 31 0, L_0x20cd660; 1 drivers
v0x20c3810_18 .net v0x20c3810 18, 31 0, L_0x20cd6f0; 1 drivers
v0x20c3810_19 .net v0x20c3810 19, 31 0, L_0x20cd5d0; 1 drivers
v0x20c3810_20 .net v0x20c3810 20, 31 0, L_0x20cd820; 1 drivers
v0x20c3810_21 .net v0x20c3810 21, 31 0, L_0x20cd780; 1 drivers
v0x20c3810_22 .net v0x20c3810 22, 31 0, L_0x20cd960; 1 drivers
v0x20c3810_23 .net v0x20c3810 23, 31 0, L_0x20cd8b0; 1 drivers
v0x20c3810_24 .net v0x20c3810 24, 31 0, L_0x20cdab0; 1 drivers
v0x20c3810_25 .net v0x20c3810 25, 31 0, L_0x20cd9f0; 1 drivers
v0x20c3810_26 .net v0x20c3810 26, 31 0, L_0x20cdc10; 1 drivers
v0x20c3810_27 .net v0x20c3810 27, 31 0, L_0x20cdb40; 1 drivers
v0x20c3810_28 .net v0x20c3810 28, 31 0, L_0x20cdd50; 1 drivers
v0x20c3810_29 .net v0x20c3810 29, 31 0, L_0x20cdc70; 1 drivers
v0x20c3810_30 .net v0x20c3810 30, 31 0, L_0x20cdea0; 1 drivers
v0x20c3810_31 .net v0x20c3810 31, 31 0, L_0x20cddb0; 1 drivers
v0x20c3ba0_0 .alias "out", 31 0, v0x20c2850_0;
L_0x20ce000 .array/port v0x20c3810, C4<zzzzz>;
S_0x20c18c0 .scope generate, "loop[1]" "loop[1]" 3 35, 3 35, S_0x20a6f90;
 .timescale 0 0;
P_0x20c19b8 .param/l "i" 3 35, +C4<01>;
S_0x20c1a70 .scope module, "reg32" "register32" 3 36, 2 22, S_0x20c18c0;
 .timescale 0 0;
L_0x20c2230 .functor AND 1, C4<z>, L_0x20c7220, C4<1>, C4<1>;
v0x20c1bb0_0 .net *"_s1", 0 0, L_0x20c2230; 1 drivers
v0x20c1c70_0 .alias "clk", 0 0, v0x20c6630_0;
v0x20c1cf0_0 .alias "d", 31 0, v0x20bc7e0_0;
v0x20c1d70_0 .var "q", 31 0;
v0x20c1e20_0 .net "wrenable", 0 0, L_0x20c7220; 1 drivers
E_0x20c1b60 .event posedge, L_0x20c2230;
S_0x20c12c0 .scope generate, "loop[2]" "loop[2]" 3 35, 3 35, S_0x20a6f90;
 .timescale 0 0;
P_0x20c13b8 .param/l "i" 3 35, +C4<010>;
S_0x20c1470 .scope module, "reg32" "register32" 3 36, 2 22, S_0x20c12c0;
 .timescale 0 0;
L_0x20c2c80 .functor AND 1, C4<z>, L_0x20c72c0, C4<1>, C4<1>;
v0x20c15b0_0 .net *"_s1", 0 0, L_0x20c2c80; 1 drivers
v0x20c1670_0 .alias "clk", 0 0, v0x20c6630_0;
v0x20c16f0_0 .alias "d", 31 0, v0x20bc7e0_0;
v0x20c1770_0 .var "q", 31 0;
v0x20c1820_0 .net "wrenable", 0 0, L_0x20c72c0; 1 drivers
E_0x20c1560 .event posedge, L_0x20c2c80;
S_0x20c0cc0 .scope generate, "loop[3]" "loop[3]" 3 35, 3 35, S_0x20a6f90;
 .timescale 0 0;
P_0x20c0db8 .param/l "i" 3 35, +C4<011>;
S_0x20c0e70 .scope module, "reg32" "register32" 3 36, 2 22, S_0x20c0cc0;
 .timescale 0 0;
L_0x20c73b0 .functor AND 1, C4<z>, L_0x20c7410, C4<1>, C4<1>;
v0x20c0fb0_0 .net *"_s1", 0 0, L_0x20c73b0; 1 drivers
v0x20c1070_0 .alias "clk", 0 0, v0x20c6630_0;
v0x20c10f0_0 .alias "d", 31 0, v0x20bc7e0_0;
v0x20c1170_0 .var "q", 31 0;
v0x20c1220_0 .net "wrenable", 0 0, L_0x20c7410; 1 drivers
E_0x20c0f60 .event posedge, L_0x20c73b0;
S_0x20c06c0 .scope generate, "loop[4]" "loop[4]" 3 35, 3 35, S_0x20a6f90;
 .timescale 0 0;
P_0x20c07b8 .param/l "i" 3 35, +C4<0100>;
S_0x20c0870 .scope module, "reg32" "register32" 3 36, 2 22, S_0x20c06c0;
 .timescale 0 0;
L_0x20c7590 .functor AND 1, C4<z>, L_0x20c75f0, C4<1>, C4<1>;
v0x20c09b0_0 .net *"_s1", 0 0, L_0x20c7590; 1 drivers
v0x20c0a70_0 .alias "clk", 0 0, v0x20c6630_0;
v0x20c0af0_0 .alias "d", 31 0, v0x20bc7e0_0;
v0x20c0b70_0 .var "q", 31 0;
v0x20c0c20_0 .net "wrenable", 0 0, L_0x20c75f0; 1 drivers
E_0x20c0960 .event posedge, L_0x20c7590;
S_0x20c00c0 .scope generate, "loop[5]" "loop[5]" 3 35, 3 35, S_0x20a6f90;
 .timescale 0 0;
P_0x20c01b8 .param/l "i" 3 35, +C4<0101>;
S_0x20c0270 .scope module, "reg32" "register32" 3 36, 2 22, S_0x20c00c0;
 .timescale 0 0;
L_0x20c7690 .functor AND 1, C4<z>, L_0x20c76f0, C4<1>, C4<1>;
v0x20c03b0_0 .net *"_s1", 0 0, L_0x20c7690; 1 drivers
v0x20c0470_0 .alias "clk", 0 0, v0x20c6630_0;
v0x20c04f0_0 .alias "d", 31 0, v0x20bc7e0_0;
v0x20c0570_0 .var "q", 31 0;
v0x20c0620_0 .net "wrenable", 0 0, L_0x20c76f0; 1 drivers
E_0x20c0360 .event posedge, L_0x20c7690;
S_0x20bfac0 .scope generate, "loop[6]" "loop[6]" 3 35, 3 35, S_0x20a6f90;
 .timescale 0 0;
P_0x20bfbb8 .param/l "i" 3 35, +C4<0110>;
S_0x20bfc70 .scope module, "reg32" "register32" 3 36, 2 22, S_0x20bfac0;
 .timescale 0 0;
L_0x20c77e0 .functor AND 1, C4<z>, L_0x20c7840, C4<1>, C4<1>;
v0x20bfdb0_0 .net *"_s1", 0 0, L_0x20c77e0; 1 drivers
v0x20bfe70_0 .alias "clk", 0 0, v0x20c6630_0;
v0x20bfef0_0 .alias "d", 31 0, v0x20bc7e0_0;
v0x20bff70_0 .var "q", 31 0;
v0x20c0020_0 .net "wrenable", 0 0, L_0x20c7840; 1 drivers
E_0x20bfd60 .event posedge, L_0x20c77e0;
S_0x20bf4c0 .scope generate, "loop[7]" "loop[7]" 3 35, 3 35, S_0x20a6f90;
 .timescale 0 0;
P_0x20bf5b8 .param/l "i" 3 35, +C4<0111>;
S_0x20bf670 .scope module, "reg32" "register32" 3 36, 2 22, S_0x20bf4c0;
 .timescale 0 0;
L_0x20c7930 .functor AND 1, C4<z>, L_0x20c7990, C4<1>, C4<1>;
v0x20bf7b0_0 .net *"_s1", 0 0, L_0x20c7930; 1 drivers
v0x20bf870_0 .alias "clk", 0 0, v0x20c6630_0;
v0x20bf8f0_0 .alias "d", 31 0, v0x20bc7e0_0;
v0x20bf970_0 .var "q", 31 0;
v0x20bfa20_0 .net "wrenable", 0 0, L_0x20c7990; 1 drivers
E_0x20bf760 .event posedge, L_0x20c7930;
S_0x20beec0 .scope generate, "loop[8]" "loop[8]" 3 35, 3 35, S_0x20a6f90;
 .timescale 0 0;
P_0x20befb8 .param/l "i" 3 35, +C4<01000>;
S_0x20bf070 .scope module, "reg32" "register32" 3 36, 2 22, S_0x20beec0;
 .timescale 0 0;
L_0x20c7500 .functor AND 1, C4<z>, L_0x20c7b90, C4<1>, C4<1>;
v0x20bf1b0_0 .net *"_s1", 0 0, L_0x20c7500; 1 drivers
v0x20bf270_0 .alias "clk", 0 0, v0x20c6630_0;
v0x20bf2f0_0 .alias "d", 31 0, v0x20bc7e0_0;
v0x20bf370_0 .var "q", 31 0;
v0x20bf420_0 .net "wrenable", 0 0, L_0x20c7b90; 1 drivers
E_0x20bf160 .event posedge, L_0x20c7500;
S_0x20be8c0 .scope generate, "loop[9]" "loop[9]" 3 35, 3 35, S_0x20a6f90;
 .timescale 0 0;
P_0x20be9b8 .param/l "i" 3 35, +C4<01001>;
S_0x20bea70 .scope module, "reg32" "register32" 3 36, 2 22, S_0x20be8c0;
 .timescale 0 0;
L_0x20c7cd0 .functor AND 1, C4<z>, L_0x20c7d30, C4<1>, C4<1>;
v0x20bebb0_0 .net *"_s1", 0 0, L_0x20c7cd0; 1 drivers
v0x20bec70_0 .alias "clk", 0 0, v0x20c6630_0;
v0x20becf0_0 .alias "d", 31 0, v0x20bc7e0_0;
v0x20bed70_0 .var "q", 31 0;
v0x20bee20_0 .net "wrenable", 0 0, L_0x20c7d30; 1 drivers
E_0x20beb60 .event posedge, L_0x20c7cd0;
S_0x20be2c0 .scope generate, "loop[10]" "loop[10]" 3 35, 3 35, S_0x20a6f90;
 .timescale 0 0;
P_0x20be3b8 .param/l "i" 3 35, +C4<01010>;
S_0x20be470 .scope module, "reg32" "register32" 3 36, 2 22, S_0x20be2c0;
 .timescale 0 0;
L_0x20c7e20 .functor AND 1, C4<z>, L_0x20c7e80, C4<1>, C4<1>;
v0x20be5b0_0 .net *"_s1", 0 0, L_0x20c7e20; 1 drivers
v0x20be670_0 .alias "clk", 0 0, v0x20c6630_0;
v0x20be6f0_0 .alias "d", 31 0, v0x20bc7e0_0;
v0x20be770_0 .var "q", 31 0;
v0x20be820_0 .net "wrenable", 0 0, L_0x20c7e80; 1 drivers
E_0x20be560 .event posedge, L_0x20c7e20;
S_0x20bdcc0 .scope generate, "loop[11]" "loop[11]" 3 35, 3 35, S_0x20a6f90;
 .timescale 0 0;
P_0x20bddb8 .param/l "i" 3 35, +C4<01011>;
S_0x20bde70 .scope module, "reg32" "register32" 3 36, 2 22, S_0x20bdcc0;
 .timescale 0 0;
L_0x20c7fd0 .functor AND 1, C4<z>, L_0x20c8090, C4<1>, C4<1>;
v0x20bdfb0_0 .net *"_s1", 0 0, L_0x20c7fd0; 1 drivers
v0x20be070_0 .alias "clk", 0 0, v0x20c6630_0;
v0x20be0f0_0 .alias "d", 31 0, v0x20bc7e0_0;
v0x20be170_0 .var "q", 31 0;
v0x20be220_0 .net "wrenable", 0 0, L_0x20c8090; 1 drivers
E_0x20bdf60 .event posedge, L_0x20c7fd0;
S_0x20bd6c0 .scope generate, "loop[12]" "loop[12]" 3 35, 3 35, S_0x20a6f90;
 .timescale 0 0;
P_0x20bd7b8 .param/l "i" 3 35, +C4<01100>;
S_0x20bd870 .scope module, "reg32" "register32" 3 36, 2 22, S_0x20bd6c0;
 .timescale 0 0;
L_0x20c8130 .functor AND 1, C4<z>, L_0x20c81c0, C4<1>, C4<1>;
v0x20bd9b0_0 .net *"_s1", 0 0, L_0x20c8130; 1 drivers
v0x20bda70_0 .alias "clk", 0 0, v0x20c6630_0;
v0x20bdaf0_0 .alias "d", 31 0, v0x20bc7e0_0;
v0x20bdb70_0 .var "q", 31 0;
v0x20bdc20_0 .net "wrenable", 0 0, L_0x20c81c0; 1 drivers
E_0x20bd960 .event posedge, L_0x20c8130;
S_0x20bd0c0 .scope generate, "loop[13]" "loop[13]" 3 35, 3 35, S_0x20a6f90;
 .timescale 0 0;
P_0x20bd1b8 .param/l "i" 3 35, +C4<01101>;
S_0x20bd270 .scope module, "reg32" "register32" 3 36, 2 22, S_0x20bd0c0;
 .timescale 0 0;
L_0x20c7f70 .functor AND 1, C4<z>, L_0x20c8350, C4<1>, C4<1>;
v0x20bd3b0_0 .net *"_s1", 0 0, L_0x20c7f70; 1 drivers
v0x20bd470_0 .alias "clk", 0 0, v0x20c6630_0;
v0x20bd4f0_0 .alias "d", 31 0, v0x20bc7e0_0;
v0x20bd570_0 .var "q", 31 0;
v0x20bd620_0 .net "wrenable", 0 0, L_0x20c8350; 1 drivers
E_0x20bd360 .event posedge, L_0x20c7f70;
S_0x20bcb00 .scope generate, "loop[14]" "loop[14]" 3 35, 3 35, S_0x20a6f90;
 .timescale 0 0;
P_0x20b9798 .param/l "i" 3 35, +C4<01110>;
S_0x20bcc70 .scope module, "reg32" "register32" 3 36, 2 22, S_0x20bcb00;
 .timescale 0 0;
L_0x20c8440 .functor AND 1, C4<z>, L_0x20c84d0, C4<1>, C4<1>;
v0x20bcdb0_0 .net *"_s1", 0 0, L_0x20c8440; 1 drivers
v0x20bce70_0 .alias "clk", 0 0, v0x20c6630_0;
v0x20bcef0_0 .alias "d", 31 0, v0x20bc7e0_0;
v0x20bcf70_0 .var "q", 31 0;
v0x20bd020_0 .net "wrenable", 0 0, L_0x20c84d0; 1 drivers
E_0x20bcd60 .event posedge, L_0x20c8440;
S_0x20bc2b0 .scope generate, "loop[15]" "loop[15]" 3 35, 3 35, S_0x20a6f90;
 .timescale 0 0;
P_0x20bc3a8 .param/l "i" 3 35, +C4<01111>;
S_0x20bc460 .scope module, "reg32" "register32" 3 36, 2 22, S_0x20bc2b0;
 .timescale 0 0;
L_0x20c8640 .functor AND 1, C4<z>, L_0x20c86d0, C4<1>, C4<1>;
v0x20bc5a0_0 .net *"_s1", 0 0, L_0x20c8640; 1 drivers
v0x20bc660_0 .alias "clk", 0 0, v0x20c6630_0;
v0x20b95c0_0 .alias "d", 31 0, v0x20bc7e0_0;
v0x20b9640_0 .var "q", 31 0;
v0x20b96f0_0 .net "wrenable", 0 0, L_0x20c86d0; 1 drivers
E_0x20bc550 .event posedge, L_0x20c8640;
S_0x20bbcb0 .scope generate, "loop[16]" "loop[16]" 3 35, 3 35, S_0x20a6f90;
 .timescale 0 0;
P_0x20bbda8 .param/l "i" 3 35, +C4<010000>;
S_0x20bbe60 .scope module, "reg32" "register32" 3 36, 2 22, S_0x20bbcb0;
 .timescale 0 0;
L_0x20c7a80 .functor AND 1, C4<z>, L_0x20c89d0, C4<1>, C4<1>;
v0x20bbfa0_0 .net *"_s1", 0 0, L_0x20c7a80; 1 drivers
v0x20bc060_0 .alias "clk", 0 0, v0x20c6630_0;
v0x20bc0e0_0 .alias "d", 31 0, v0x20bc7e0_0;
v0x20bc160_0 .var "q", 31 0;
v0x20bc210_0 .net "wrenable", 0 0, L_0x20c89d0; 1 drivers
E_0x20bbf50 .event posedge, L_0x20c7a80;
S_0x20bb6b0 .scope generate, "loop[17]" "loop[17]" 3 35, 3 35, S_0x20a6f90;
 .timescale 0 0;
P_0x20bb7a8 .param/l "i" 3 35, +C4<010001>;
S_0x20bb860 .scope module, "reg32" "register32" 3 36, 2 22, S_0x20bb6b0;
 .timescale 0 0;
L_0x20c8b00 .functor AND 1, C4<z>, L_0x20c8b60, C4<1>, C4<1>;
v0x20bb9a0_0 .net *"_s1", 0 0, L_0x20c8b00; 1 drivers
v0x20bba60_0 .alias "clk", 0 0, v0x20c6630_0;
v0x20bbae0_0 .alias "d", 31 0, v0x20bc7e0_0;
v0x20bbb60_0 .var "q", 31 0;
v0x20bbc10_0 .net "wrenable", 0 0, L_0x20c8b60; 1 drivers
E_0x20bb950 .event posedge, L_0x20c8b00;
S_0x20bb0b0 .scope generate, "loop[18]" "loop[18]" 3 35, 3 35, S_0x20a6f90;
 .timescale 0 0;
P_0x20bb1a8 .param/l "i" 3 35, +C4<010010>;
S_0x20bb260 .scope module, "reg32" "register32" 3 36, 2 22, S_0x20bb0b0;
 .timescale 0 0;
L_0x20c8c50 .functor AND 1, C4<z>, L_0x20c8ce0, C4<1>, C4<1>;
v0x20bb3a0_0 .net *"_s1", 0 0, L_0x20c8c50; 1 drivers
v0x20bb460_0 .alias "clk", 0 0, v0x20c6630_0;
v0x20bb4e0_0 .alias "d", 31 0, v0x20bc7e0_0;
v0x20bb560_0 .var "q", 31 0;
v0x20bb610_0 .net "wrenable", 0 0, L_0x20c8ce0; 1 drivers
E_0x20bb350 .event posedge, L_0x20c8c50;
S_0x20baab0 .scope generate, "loop[19]" "loop[19]" 3 35, 3 35, S_0x20a6f90;
 .timescale 0 0;
P_0x20baba8 .param/l "i" 3 35, +C4<010011>;
S_0x20bac60 .scope module, "reg32" "register32" 3 36, 2 22, S_0x20baab0;
 .timescale 0 0;
L_0x20c8a70 .functor AND 1, C4<z>, L_0x20c8e70, C4<1>, C4<1>;
v0x20bada0_0 .net *"_s1", 0 0, L_0x20c8a70; 1 drivers
v0x20bae60_0 .alias "clk", 0 0, v0x20c6630_0;
v0x20baee0_0 .alias "d", 31 0, v0x20bc7e0_0;
v0x20baf60_0 .var "q", 31 0;
v0x20bb010_0 .net "wrenable", 0 0, L_0x20c8e70; 1 drivers
E_0x20bad50 .event posedge, L_0x20c8a70;
S_0x20ba4b0 .scope generate, "loop[20]" "loop[20]" 3 35, 3 35, S_0x20a6f90;
 .timescale 0 0;
P_0x20ba5a8 .param/l "i" 3 35, +C4<010100>;
S_0x20ba660 .scope module, "reg32" "register32" 3 36, 2 22, S_0x20ba4b0;
 .timescale 0 0;
L_0x20c8f60 .functor AND 1, C4<z>, L_0x20c8ff0, C4<1>, C4<1>;
v0x20ba7a0_0 .net *"_s1", 0 0, L_0x20c8f60; 1 drivers
v0x20ba860_0 .alias "clk", 0 0, v0x20c6630_0;
v0x20ba8e0_0 .alias "d", 31 0, v0x20bc7e0_0;
v0x20ba960_0 .var "q", 31 0;
v0x20baa10_0 .net "wrenable", 0 0, L_0x20c8ff0; 1 drivers
E_0x20ba750 .event posedge, L_0x20c8f60;
S_0x20b9eb0 .scope generate, "loop[21]" "loop[21]" 3 35, 3 35, S_0x20a6f90;
 .timescale 0 0;
P_0x20b9fa8 .param/l "i" 3 35, +C4<010101>;
S_0x20ba060 .scope module, "reg32" "register32" 3 36, 2 22, S_0x20b9eb0;
 .timescale 0 0;
L_0x20c8dd0 .functor AND 1, C4<z>, L_0x20c9190, C4<1>, C4<1>;
v0x20ba1a0_0 .net *"_s1", 0 0, L_0x20c8dd0; 1 drivers
v0x20ba260_0 .alias "clk", 0 0, v0x20c6630_0;
v0x20ba2e0_0 .alias "d", 31 0, v0x20bc7e0_0;
v0x20ba360_0 .var "q", 31 0;
v0x20ba410_0 .net "wrenable", 0 0, L_0x20c9190; 1 drivers
E_0x20ba150 .event posedge, L_0x20c8dd0;
S_0x20b98b0 .scope generate, "loop[22]" "loop[22]" 3 35, 3 35, S_0x20a6f90;
 .timescale 0 0;
P_0x20b99a8 .param/l "i" 3 35, +C4<010110>;
S_0x20b9a60 .scope module, "reg32" "register32" 3 36, 2 22, S_0x20b98b0;
 .timescale 0 0;
L_0x20c9280 .functor AND 1, C4<z>, L_0x20c9340, C4<1>, C4<1>;
v0x20b9ba0_0 .net *"_s1", 0 0, L_0x20c9280; 1 drivers
v0x20b9c60_0 .alias "clk", 0 0, v0x20c6630_0;
v0x20b9ce0_0 .alias "d", 31 0, v0x20bc7e0_0;
v0x20b9d60_0 .var "q", 31 0;
v0x20b9e10_0 .net "wrenable", 0 0, L_0x20c9340; 1 drivers
E_0x20b9b50 .event posedge, L_0x20c9280;
S_0x20b9190 .scope generate, "loop[23]" "loop[23]" 3 35, 3 35, S_0x20a6f90;
 .timescale 0 0;
P_0x20b9288 .param/l "i" 3 35, +C4<010111>;
S_0x20b9340 .scope module, "reg32" "register32" 3 36, 2 22, S_0x20b9190;
 .timescale 0 0;
L_0x20c90e0 .functor AND 1, C4<z>, L_0x20c94f0, C4<1>, C4<1>;
v0x20b9480_0 .net *"_s1", 0 0, L_0x20c90e0; 1 drivers
v0x20b9540_0 .alias "clk", 0 0, v0x20c6630_0;
v0x20b7ca0_0 .alias "d", 31 0, v0x20bc7e0_0;
v0x20b7db0_0 .var "q", 31 0;
v0x20b9810_0 .net "wrenable", 0 0, L_0x20c94f0; 1 drivers
E_0x20b9430 .event posedge, L_0x20c90e0;
S_0x20b8b90 .scope generate, "loop[24]" "loop[24]" 3 35, 3 35, S_0x20a6f90;
 .timescale 0 0;
P_0x20b8c88 .param/l "i" 3 35, +C4<011000>;
S_0x20b8d40 .scope module, "reg32" "register32" 3 36, 2 22, S_0x20b8b90;
 .timescale 0 0;
L_0x20c95e0 .functor AND 1, C4<z>, L_0x20c9670, C4<1>, C4<1>;
v0x20b8e80_0 .net *"_s1", 0 0, L_0x20c95e0; 1 drivers
v0x20b8f40_0 .alias "clk", 0 0, v0x20c6630_0;
v0x20b8fc0_0 .alias "d", 31 0, v0x20bc7e0_0;
v0x20b9040_0 .var "q", 31 0;
v0x20b90f0_0 .net "wrenable", 0 0, L_0x20c9670; 1 drivers
E_0x20b8e30 .event posedge, L_0x20c95e0;
S_0x20b8590 .scope generate, "loop[25]" "loop[25]" 3 35, 3 35, S_0x20a6f90;
 .timescale 0 0;
P_0x20b8688 .param/l "i" 3 35, +C4<011001>;
S_0x20b8740 .scope module, "reg32" "register32" 3 36, 2 22, S_0x20b8590;
 .timescale 0 0;
L_0x20c9430 .functor AND 1, C4<z>, L_0x20c9830, C4<1>, C4<1>;
v0x20b8880_0 .net *"_s1", 0 0, L_0x20c9430; 1 drivers
v0x20b8940_0 .alias "clk", 0 0, v0x20c6630_0;
v0x20b89c0_0 .alias "d", 31 0, v0x20bc7e0_0;
v0x20b8a40_0 .var "q", 31 0;
v0x20b8af0_0 .net "wrenable", 0 0, L_0x20c9830; 1 drivers
E_0x20b8830 .event posedge, L_0x20c9430;
S_0x20b7f90 .scope generate, "loop[26]" "loop[26]" 3 35, 3 35, S_0x20a6f90;
 .timescale 0 0;
P_0x20b8088 .param/l "i" 3 35, +C4<011010>;
S_0x20b8140 .scope module, "reg32" "register32" 3 36, 2 22, S_0x20b7f90;
 .timescale 0 0;
L_0x20c9920 .functor AND 1, C4<z>, L_0x20c9980, C4<1>, C4<1>;
v0x20b8280_0 .net *"_s1", 0 0, L_0x20c9920; 1 drivers
v0x20b8340_0 .alias "clk", 0 0, v0x20c6630_0;
v0x20b83c0_0 .alias "d", 31 0, v0x20bc7e0_0;
v0x20b8440_0 .var "q", 31 0;
v0x20b84f0_0 .net "wrenable", 0 0, L_0x20c9980; 1 drivers
E_0x20b8230 .event posedge, L_0x20c9920;
S_0x20b7870 .scope generate, "loop[27]" "loop[27]" 3 35, 3 35, S_0x20a6f90;
 .timescale 0 0;
P_0x20b7968 .param/l "i" 3 35, +C4<011011>;
S_0x20b7a20 .scope module, "reg32" "register32" 3 36, 2 22, S_0x20b7870;
 .timescale 0 0;
L_0x20c9760 .functor AND 1, C4<z>, L_0x20c9b50, C4<1>, C4<1>;
v0x20b7b60_0 .net *"_s1", 0 0, L_0x20c9760; 1 drivers
v0x20b7c20_0 .alias "clk", 0 0, v0x20c6630_0;
v0x20b7d30_0 .alias "d", 31 0, v0x20bc7e0_0;
v0x20b7e40_0 .var "q", 31 0;
v0x20b7ef0_0 .net "wrenable", 0 0, L_0x20c9b50; 1 drivers
E_0x20b7b10 .event posedge, L_0x20c9760;
S_0x20b72a0 .scope generate, "loop[28]" "loop[28]" 3 35, 3 35, S_0x20a6f90;
 .timescale 0 0;
P_0x20b7398 .param/l "i" 3 35, +C4<011100>;
S_0x20b7450 .scope module, "reg32" "register32" 3 36, 2 22, S_0x20b72a0;
 .timescale 0 0;
L_0x20c9c40 .functor AND 1, C4<z>, L_0x20c9ca0, C4<1>, C4<1>;
v0x20b7560_0 .net *"_s1", 0 0, L_0x20c9c40; 1 drivers
v0x20b7620_0 .alias "clk", 0 0, v0x20c6630_0;
v0x20b76a0_0 .alias "d", 31 0, v0x20bc7e0_0;
v0x20b7720_0 .var "q", 31 0;
v0x20b77d0_0 .net "wrenable", 0 0, L_0x20c9ca0; 1 drivers
E_0x20b6a40 .event posedge, L_0x20c9c40;
S_0x20b6c50 .scope generate, "loop[29]" "loop[29]" 3 35, 3 35, S_0x20a6f90;
 .timescale 0 0;
P_0x20b6d48 .param/l "i" 3 35, +C4<011101>;
S_0x20b6de0 .scope module, "reg32" "register32" 3 36, 2 22, S_0x20b6c50;
 .timescale 0 0;
L_0x20c9a70 .functor AND 1, C4<z>, L_0x20c9e80, C4<1>, C4<1>;
v0x20b6f20_0 .net *"_s1", 0 0, L_0x20c9a70; 1 drivers
v0x20b6fe0_0 .alias "clk", 0 0, v0x20c6630_0;
v0x20b70b0_0 .alias "d", 31 0, v0x20bc7e0_0;
v0x20b7180_0 .var "q", 31 0;
v0x20b7200_0 .net "wrenable", 0 0, L_0x20c9e80; 1 drivers
E_0x20b6ed0 .event posedge, L_0x20c9a70;
S_0x20b6610 .scope generate, "loop[30]" "loop[30]" 3 35, 3 35, S_0x20a6f90;
 .timescale 0 0;
P_0x20b6708 .param/l "i" 3 35, +C4<011110>;
S_0x20b67c0 .scope module, "reg32" "register32" 3 36, 2 22, S_0x20b6610;
 .timescale 0 0;
L_0x20c9f70 .functor AND 1, C4<z>, L_0x20ca000, C4<1>, C4<1>;
v0x20b6900_0 .net *"_s1", 0 0, L_0x20c9f70; 1 drivers
v0x20b69c0_0 .alias "clk", 0 0, v0x20c6630_0;
v0x20b6a70_0 .alias "d", 31 0, v0x20bc7e0_0;
v0x20b6b20_0 .var "q", 31 0;
v0x20b6bd0_0 .net "wrenable", 0 0, L_0x20ca000; 1 drivers
E_0x20b68b0 .event posedge, L_0x20c9f70;
S_0x20b5fd0 .scope generate, "loop[31]" "loop[31]" 3 35, 3 35, S_0x20a6f90;
 .timescale 0 0;
P_0x20b60c8 .param/l "i" 3 35, +C4<011111>;
S_0x20b6180 .scope module, "reg32" "register32" 3 36, 2 22, S_0x20b5fd0;
 .timescale 0 0;
L_0x20c9d90 .functor AND 1, C4<z>, L_0x20ca1f0, C4<1>, C4<1>;
v0x20b62c0_0 .net *"_s1", 0 0, L_0x20c9d90; 1 drivers
v0x20b6380_0 .alias "clk", 0 0, v0x20c6630_0;
v0x20b6420_0 .alias "d", 31 0, v0x20bc7e0_0;
v0x20b64c0_0 .var "q", 31 0;
v0x20b6570_0 .net "wrenable", 0 0, L_0x20ca1f0; 1 drivers
E_0x20b6270 .event posedge, L_0x20c9d90;
S_0x20a6e30 .scope module, "register" "register" 2 4;
 .timescale 0 0;
v0x20bca30_0 .net "clk", 0 0, C4<z>; 0 drivers
v0x20c7000_0 .net "d", 0 0, C4<z>; 0 drivers
v0x20c7080_0 .var "q", 0 0;
v0x20c7100_0 .net "wrenable", 0 0, C4<z>; 0 drivers
E_0x20c3070 .event posedge, v0x20bca30_0;
    .scope S_0x20c1a70;
T_0 ;
    %wait E_0x20c1b60;
    %load/v 8, v0x20c1cf0_0, 32;
    %set/v v0x20c1d70_0, 8, 32;
    %jmp T_0;
    .thread T_0;
    .scope S_0x20c1470;
T_1 ;
    %wait E_0x20c1560;
    %load/v 8, v0x20c16f0_0, 32;
    %set/v v0x20c1770_0, 8, 32;
    %jmp T_1;
    .thread T_1;
    .scope S_0x20c0e70;
T_2 ;
    %wait E_0x20c0f60;
    %load/v 8, v0x20c10f0_0, 32;
    %set/v v0x20c1170_0, 8, 32;
    %jmp T_2;
    .thread T_2;
    .scope S_0x20c0870;
T_3 ;
    %wait E_0x20c0960;
    %load/v 8, v0x20c0af0_0, 32;
    %set/v v0x20c0b70_0, 8, 32;
    %jmp T_3;
    .thread T_3;
    .scope S_0x20c0270;
T_4 ;
    %wait E_0x20c0360;
    %load/v 8, v0x20c04f0_0, 32;
    %set/v v0x20c0570_0, 8, 32;
    %jmp T_4;
    .thread T_4;
    .scope S_0x20bfc70;
T_5 ;
    %wait E_0x20bfd60;
    %load/v 8, v0x20bfef0_0, 32;
    %set/v v0x20bff70_0, 8, 32;
    %jmp T_5;
    .thread T_5;
    .scope S_0x20bf670;
T_6 ;
    %wait E_0x20bf760;
    %load/v 8, v0x20bf8f0_0, 32;
    %set/v v0x20bf970_0, 8, 32;
    %jmp T_6;
    .thread T_6;
    .scope S_0x20bf070;
T_7 ;
    %wait E_0x20bf160;
    %load/v 8, v0x20bf2f0_0, 32;
    %set/v v0x20bf370_0, 8, 32;
    %jmp T_7;
    .thread T_7;
    .scope S_0x20bea70;
T_8 ;
    %wait E_0x20beb60;
    %load/v 8, v0x20becf0_0, 32;
    %set/v v0x20bed70_0, 8, 32;
    %jmp T_8;
    .thread T_8;
    .scope S_0x20be470;
T_9 ;
    %wait E_0x20be560;
    %load/v 8, v0x20be6f0_0, 32;
    %set/v v0x20be770_0, 8, 32;
    %jmp T_9;
    .thread T_9;
    .scope S_0x20bde70;
T_10 ;
    %wait E_0x20bdf60;
    %load/v 8, v0x20be0f0_0, 32;
    %set/v v0x20be170_0, 8, 32;
    %jmp T_10;
    .thread T_10;
    .scope S_0x20bd870;
T_11 ;
    %wait E_0x20bd960;
    %load/v 8, v0x20bdaf0_0, 32;
    %set/v v0x20bdb70_0, 8, 32;
    %jmp T_11;
    .thread T_11;
    .scope S_0x20bd270;
T_12 ;
    %wait E_0x20bd360;
    %load/v 8, v0x20bd4f0_0, 32;
    %set/v v0x20bd570_0, 8, 32;
    %jmp T_12;
    .thread T_12;
    .scope S_0x20bcc70;
T_13 ;
    %wait E_0x20bcd60;
    %load/v 8, v0x20bcef0_0, 32;
    %set/v v0x20bcf70_0, 8, 32;
    %jmp T_13;
    .thread T_13;
    .scope S_0x20bc460;
T_14 ;
    %wait E_0x20bc550;
    %load/v 8, v0x20b95c0_0, 32;
    %set/v v0x20b9640_0, 8, 32;
    %jmp T_14;
    .thread T_14;
    .scope S_0x20bbe60;
T_15 ;
    %wait E_0x20bbf50;
    %load/v 8, v0x20bc0e0_0, 32;
    %set/v v0x20bc160_0, 8, 32;
    %jmp T_15;
    .thread T_15;
    .scope S_0x20bb860;
T_16 ;
    %wait E_0x20bb950;
    %load/v 8, v0x20bbae0_0, 32;
    %set/v v0x20bbb60_0, 8, 32;
    %jmp T_16;
    .thread T_16;
    .scope S_0x20bb260;
T_17 ;
    %wait E_0x20bb350;
    %load/v 8, v0x20bb4e0_0, 32;
    %set/v v0x20bb560_0, 8, 32;
    %jmp T_17;
    .thread T_17;
    .scope S_0x20bac60;
T_18 ;
    %wait E_0x20bad50;
    %load/v 8, v0x20baee0_0, 32;
    %set/v v0x20baf60_0, 8, 32;
    %jmp T_18;
    .thread T_18;
    .scope S_0x20ba660;
T_19 ;
    %wait E_0x20ba750;
    %load/v 8, v0x20ba8e0_0, 32;
    %set/v v0x20ba960_0, 8, 32;
    %jmp T_19;
    .thread T_19;
    .scope S_0x20ba060;
T_20 ;
    %wait E_0x20ba150;
    %load/v 8, v0x20ba2e0_0, 32;
    %set/v v0x20ba360_0, 8, 32;
    %jmp T_20;
    .thread T_20;
    .scope S_0x20b9a60;
T_21 ;
    %wait E_0x20b9b50;
    %load/v 8, v0x20b9ce0_0, 32;
    %set/v v0x20b9d60_0, 8, 32;
    %jmp T_21;
    .thread T_21;
    .scope S_0x20b9340;
T_22 ;
    %wait E_0x20b9430;
    %load/v 8, v0x20b7ca0_0, 32;
    %set/v v0x20b7db0_0, 8, 32;
    %jmp T_22;
    .thread T_22;
    .scope S_0x20b8d40;
T_23 ;
    %wait E_0x20b8e30;
    %load/v 8, v0x20b8fc0_0, 32;
    %set/v v0x20b9040_0, 8, 32;
    %jmp T_23;
    .thread T_23;
    .scope S_0x20b8740;
T_24 ;
    %wait E_0x20b8830;
    %load/v 8, v0x20b89c0_0, 32;
    %set/v v0x20b8a40_0, 8, 32;
    %jmp T_24;
    .thread T_24;
    .scope S_0x20b8140;
T_25 ;
    %wait E_0x20b8230;
    %load/v 8, v0x20b83c0_0, 32;
    %set/v v0x20b8440_0, 8, 32;
    %jmp T_25;
    .thread T_25;
    .scope S_0x20b7a20;
T_26 ;
    %wait E_0x20b7b10;
    %load/v 8, v0x20b7d30_0, 32;
    %set/v v0x20b7e40_0, 8, 32;
    %jmp T_26;
    .thread T_26;
    .scope S_0x20b7450;
T_27 ;
    %wait E_0x20b6a40;
    %load/v 8, v0x20b76a0_0, 32;
    %set/v v0x20b7720_0, 8, 32;
    %jmp T_27;
    .thread T_27;
    .scope S_0x20b6de0;
T_28 ;
    %wait E_0x20b6ed0;
    %load/v 8, v0x20b70b0_0, 32;
    %set/v v0x20b7180_0, 8, 32;
    %jmp T_28;
    .thread T_28;
    .scope S_0x20b67c0;
T_29 ;
    %wait E_0x20b68b0;
    %load/v 8, v0x20b6a70_0, 32;
    %set/v v0x20b6b20_0, 8, 32;
    %jmp T_29;
    .thread T_29;
    .scope S_0x20b6180;
T_30 ;
    %wait E_0x20b6270;
    %load/v 8, v0x20b6420_0, 32;
    %set/v v0x20b64c0_0, 8, 32;
    %jmp T_30;
    .thread T_30;
    .scope S_0x20a6e30;
T_31 ;
    %wait E_0x20c3070;
    %load/v 8, v0x20c7100_0, 1;
    %jmp/0xz  T_31.0, 8;
    %load/v 8, v0x20c7000_0, 1;
    %set/v v0x20c7080_0, 8, 1;
T_31.0 ;
    %jmp T_31;
    .thread T_31;
# The file index is used to find the file name in the following table.
:file_names 5;
    "N/A";
    "<interactive>";
    "./register.v";
    "regfile.v";
    "./decoders.v";
